<?xml version="1.0" encoding="UTF-8"?>
<!-- Generated by org.testng.reporters.JUnitReportReporter -->
<testsuite hostname="MacBook-Pro.local" failures="0" tests="1" name="com.training.sanity.tests.LoginTest" time="3.211" errors="0" timestamp="17 Jul 2024 14:02:28 GMT">
  <testcase classname="com.training.sanity.tests.LoginTest" name="loginPassTest" time="3.211"/>
</testsuite> <!-- com.training.sanity.tests.LoginTest -->
